<?xml version="1.0" encoding="UTF-8"?>
<testsuite xmlns:xsi="http://www.w3.org/2001/XMLSchema-instance" xsi:noNamespaceSchemaLocation="https://maven.apache.org/surefire/maven-surefire-plugin/xsd/surefire-test-report.xsd" version="3.0.2" name="com.leetcode.solutions.LC215_FindKthLargestTest" time="0.008" tests="5" errors="0" skipped="0" failures="0">
  <properties>
[...]
</properties>
  <testcase name="testSingleElement" classname="com.leetcode.solutions.LC215_FindKthLargestTest" time="0.001"/>
  <testcase name="testExample1" classname="com.leetcode.solutions.LC215_FindKthLargestTest" time="0.0"/>
  <testcase name="testExample2" classname="com.leetcode.solutions.LC215_FindKthLargestTest" time="0.0"/>
  <testcase name="testDescendingOrder" classname="com.leetcode.solutions.LC215_FindKthLargestTest" time="0.0"/>
  <testcase name="testDuplicateValues" classname="com.leetcode.solutions.LC215_FindKthLargestTest" time="0.002"/>
</testsuite>